<?xml version="1.0" encoding="UTF-8"?>
<!-- Generated by org.testng.reporters.JUnitReportReporter -->
<testsuite skipped="0" hostname="Phantom" name="automation.SampleTG" tests="2" failures="0" timestamp="13 Jul 2021 00:47:31 GMT" time="0.012" errors="0">
  <testcase name="test1" time="0.008" classname="automation.SampleTG"/>
  <testcase name="test2" time="0.004" classname="automation.SampleTG"/>
</testsuite> <!-- automation.SampleTG -->
