<?xml version="1.0" encoding="UTF-8"?>
<!-- Generated by org.testng.reporters.JUnitReportReporter -->
<testsuite skipped="0" hostname="Phantom" name="automation.testSuite" tests="3" failures="0" timestamp="13 Jul 2021 01:52:15 GMT" time="0.022" errors="0">
  <testcase name="TestCase_1" time="0.008" classname="automation.testSuite"/>
  <testcase name="TestCase_3" time="0.011" classname="automation.testSuite"/>
  <testcase name="TestCase_2" time="0.003" classname="automation.testSuite"/>
</testsuite> <!-- automation.testSuite -->
