<?xml version="1.0" encoding="UTF-8"?>
<!-- Generated by org.testng.reporters.JUnitReportReporter -->
<testsuite skipped="0" hostname="Phantom" name="testNG.demo1" tests="2" failures="0" timestamp="09 Jul 2021 01:29:26 GMT" time="0.039" errors="0">
  <testcase name="AdditionOfTwoNumbers" time="0.036" classname="testNG.demo1"/>
  <testcase name="SubstractionOfTwoNumbers" time="0.003" classname="testNG.demo1"/>
</testsuite> <!-- testNG.demo1 -->
